0 info it worked if it ends with ok
1 verbose cli [ 'C:\\Program Files (x86)\\Microsoft Visual Studio 14.0\\Common7\\IDE\\Extensions\\Microsoft\\Web Tools\\External\\\\node\\node',
1 verbose cli   'C:\\Program Files (x86)\\Microsoft Visual Studio 14.0\\Common7\\IDE\\Extensions\\Microsoft\\Web Tools\\External\\npm\\node_modules\\npm\\bin\\npm-cli.js',
1 verbose cli   'run',
1 verbose cli   'start',
1 verbose cli   '--color=always' ]
2 info using npm@1.4.9
3 info using node@v0.10.31
4 verbose node symlink C:\Program Files (x86)\Microsoft Visual Studio 14.0\Common7\IDE\Extensions\Microsoft\Web Tools\External\\node\node
5 verbose run-script [ 'prestart', 'start', 'poststart' ]
6 info prestart 02-koa@1.0.0
7 info start 02-koa@1.0.0
8 verbose unsafe-perm in lifecycle true
9 info 02-koa@1.0.0 Failed to exec start script
10 error 02-koa@1.0.0 start: `node basic.js`
10 error Exit status 8
11 error Failed at the 02-koa@1.0.0 start script.
11 error This is most likely a problem with the 02-koa package,
11 error not with npm itself.
11 error Tell the author that this fails on your system:
11 error     node basic.js
11 error You can get their info via:
11 error     npm owner ls 02-koa
11 error There is likely additional logging output above.
12 error System Windows_NT 6.2.9200
13 error command "C:\\Program Files (x86)\\Microsoft Visual Studio 14.0\\Common7\\IDE\\Extensions\\Microsoft\\Web Tools\\External\\\\node\\node" "C:\\Program Files (x86)\\Microsoft Visual Studio 14.0\\Common7\\IDE\\Extensions\\Microsoft\\Web Tools\\External\\npm\\node_modules\\npm\\bin\\npm-cli.js" "run" "start" "--color=always"
14 error cwd C:\code\node-workshop\02-koa
15 error node -v v0.10.31
16 error npm -v 1.4.9
17 error code ELIFECYCLE
18 verbose exit [ 1, true ]
